This file contains any messages produced by compilers while
running configure, to aid debugging if configure makes a mistake.

It was created by configure, which was
generated by GNU Autoconf 2.69.  Invocation command line was

  $ ./configure 

## --------- ##
## Platform. ##
## --------- ##

hostname = smeagol
uname -m = x86_64
uname -r = 3.2.0-67-generic
uname -s = Linux
uname -v = #101-Ubuntu SMP Tue Jul 15 17:46:11 UTC 2014

/usr/bin/uname -p = unknown
/bin/uname -X     = unknown

/bin/arch              = unknown
/usr/bin/arch -k       = unknown
/usr/convex/getsysinfo = unknown
/usr/bin/hostinfo      = unknown
/bin/machine           = unknown
/usr/bin/oslevel       = unknown
/bin/universe          = unknown

PATH: /accounts/gen/vis/paciorek/bin
PATH: /bin
PATH: /usr/local/linux/bin
PATH: /usr/bin
PATH: /usr/local/common/hosts
PATH: /usr/local/bin
PATH: /usr/X11R6/bin
PATH: /usr/sbin
PATH: /opt/intel/bin
PATH: /usr/local/linux/hadoop/bin
PATH: /usr/lib/jvm/java-6-openjdk-amd64/jre/bin


## ----------- ##
## Core tests. ##
## ----------- ##

configure:2196: checking for gcc
configure:2223: result: gcc -std=gnu99
configure:2452: checking for C compiler version
configure:2461: gcc -std=gnu99 --version >&5
gcc (Ubuntu/Linaro 4.6.4-1ubuntu1~12.04) 4.6.4
Copyright (C) 2011 Free Software Foundation, Inc.
This is free software; see the source for copying conditions.  There is NO
warranty; not even for MERCHANTABILITY or FITNESS FOR A PARTICULAR PURPOSE.

configure:2472: $? = 0
configure:2461: gcc -std=gnu99 -v >&5
Using built-in specs.
COLLECT_GCC=gcc
COLLECT_LTO_WRAPPER=/usr/lib/gcc/x86_64-linux-gnu/4.6/lto-wrapper
Target: x86_64-linux-gnu
Configured with: ../src/configure -v --with-pkgversion='Ubuntu/Linaro 4.6.4-1ubuntu1~12.04' --with-bugurl=file:///usr/share/doc/gcc-4.6/README.Bugs --enable-languages=c,c++,fortran,objc,obj-c++ --prefix=/usr --program-suffix=-4.6 --enable-shared --enable-linker-build-id --with-system-zlib --libexecdir=/usr/lib --without-included-gettext --enable-threads=posix --with-gxx-include-dir=/usr/include/c++/4.6 --libdir=/usr/lib --enable-nls --with-sysroot=/ --enable-clocale=gnu --enable-libstdcxx-debug --enable-libstdcxx-time=yes --enable-gnu-unique-object --enable-plugin --enable-objc-gc --disable-werror --with-arch-32=i686 --with-tune=generic --enable-checking=release --build=x86_64-linux-gnu --host=x86_64-linux-gnu --target=x86_64-linux-gnu
Thread model: posix
gcc version 4.6.4 (Ubuntu/Linaro 4.6.4-1ubuntu1~12.04) 
configure:2472: $? = 0
configure:2461: gcc -std=gnu99 -V >&5
gcc: error: unrecognized option '-V'
gcc: fatal error: no input files
compilation terminated.
configure:2472: $? = 4
configure:2461: gcc -std=gnu99 -qversion >&5
gcc: error: unrecognized option '-qversion'
gcc: fatal error: no input files
compilation terminated.
configure:2472: $? = 4
configure:2492: checking whether the C compiler works
configure:2514: gcc -std=gnu99    conftest.c  >&5
configure:2518: $? = 0
configure:2566: result: yes
configure:2569: checking for C compiler default output file name
configure:2571: result: a.out
configure:2577: checking for suffix of executables
configure:2584: gcc -std=gnu99 -o conftest    conftest.c  >&5
configure:2588: $? = 0
configure:2610: result: 
configure:2632: checking whether we are cross compiling
configure:2640: gcc -std=gnu99 -o conftest    conftest.c  >&5
configure:2644: $? = 0
configure:2651: ./conftest
configure:2655: $? = 0
configure:2670: result: no
configure:2675: checking for suffix of object files
configure:2697: gcc -std=gnu99 -c   conftest.c >&5
configure:2701: $? = 0
configure:2722: result: o
configure:2726: checking whether we are using the GNU C compiler
configure:2745: gcc -std=gnu99 -c   conftest.c >&5
configure:2745: $? = 0
configure:2754: result: yes
configure:2763: checking whether gcc -std=gnu99 accepts -g
configure:2783: gcc -std=gnu99 -c -g  conftest.c >&5
configure:2783: $? = 0
configure:2824: result: yes
configure:2841: checking for gcc -std=gnu99 option to accept ISO C89
configure:2904: gcc -std=gnu99  -c -g -O2  conftest.c >&5
configure:2904: $? = 0
configure:2917: result: none needed
configure:2945: checking for mpirun
configure:2961: found /usr/bin/mpirun
configure:2973: result: mpirun
configure:2983: checking for mpiexec
configure:2999: found /usr/bin/mpiexec
configure:3011: result: mpiexec
configure:3021: checking for orterun
configure:3037: found /usr/bin/orterun
configure:3049: result: orterun
configure:3059: checking for sed
configure:3087: result: /bin/sed
configure:3097: checking for mpicc
configure:3113: found /usr/bin/mpicc
configure:3125: result: mpicc
configure:3135: checking for ompi_info
configure:3151: found /usr/bin/ompi_info
configure:3163: result: ompi_info
configure:3173: checking for mpich2version
configure:3201: result: F
configure:4183: checking for openpty in -lutil
configure:4208: gcc -std=gnu99 -o conftest -g -O2   conftest.c -lutil   >&5
configure:4208: $? = 0
configure:4217: result: yes
configure:4223: checking for main in -lpthread
configure:4242: gcc -std=gnu99 -o conftest -g -O2   conftest.c -lpthread   >&5
configure:4242: $? = 0
configure:4251: result: yes
configure:4442: creating ./config.status

## ---------------------- ##
## Running config.status. ##
## ---------------------- ##

This file was extended by config.status, which was
generated by GNU Autoconf 2.69.  Invocation command line was

  CONFIG_FILES    = 
  CONFIG_HEADERS  = 
  CONFIG_LINKS    = 
  CONFIG_COMMANDS = 
  $ ./config.status 

on smeagol

config.status:730: creating src/Makevars

## ---------------- ##
## Cache variables. ##
## ---------------- ##

ac_cv_c_compiler_gnu=yes
ac_cv_env_CC_set=
ac_cv_env_CC_value=
ac_cv_env_CFLAGS_set=
ac_cv_env_CFLAGS_value=
ac_cv_env_CPPFLAGS_set=
ac_cv_env_CPPFLAGS_value=
ac_cv_env_CPP_set=
ac_cv_env_CPP_value=
ac_cv_env_LDFLAGS_set=
ac_cv_env_LDFLAGS_value=
ac_cv_env_LIBS_set=
ac_cv_env_LIBS_value=
ac_cv_env_build_alias_set=
ac_cv_env_build_alias_value=
ac_cv_env_host_alias_set=
ac_cv_env_host_alias_value=
ac_cv_env_target_alias_set=
ac_cv_env_target_alias_value=
ac_cv_lib_pthread_main=yes
ac_cv_lib_util_openpty=yes
ac_cv_objext=o
ac_cv_prog_MPICC=mpicc
ac_cv_prog_MPICH2VERSION=F
ac_cv_prog_MPIEXEC=mpiexec
ac_cv_prog_MPIRUN=mpirun
ac_cv_prog_OMPI_INFO=ompi_info
ac_cv_prog_ORTERUN=orterun
ac_cv_prog_SED=/bin/sed
ac_cv_prog_ac_ct_CC='gcc -std=gnu99'
ac_cv_prog_cc_c89=
ac_cv_prog_cc_g=yes

## ----------------- ##
## Output variables. ##
## ----------------- ##

CC='gcc -std=gnu99'
CFLAGS='-g -O2'
CPP=''
CPPFLAGS=''
DEFS='-DPACKAGE_NAME=\"\" -DPACKAGE_TARNAME=\"\" -DPACKAGE_VERSION=\"\" -DPACKAGE_STRING=\"\" -DPACKAGE_BUGREPORT=\"\" -DPACKAGE_URL=\"\"'
ECHO_C=''
ECHO_N='-n'
ECHO_T=''
EGREP=''
EXEEXT=''
GREP=''
LDFLAGS=''
LIBOBJS=''
LIBS=''
LTLIBOBJS=''
MPICC='mpicc'
MPICH2VERSION='F'
MPIEXEC='mpiexec'
MPIRUN='mpirun'
OBJEXT='o'
OMPI_INFO='ompi_info'
ORTERUN='orterun'
PACKAGE_BUGREPORT=''
PACKAGE_NAME=''
PACKAGE_STRING=''
PACKAGE_TARNAME=''
PACKAGE_URL=''
PACKAGE_VERSION=''
PATH_SEPARATOR=':'
PKG_CPPFLAGS='-I/usr/lib/openmpi/include  -DMPI2 -DOPENMPI'
PKG_LIBS='$(LAPACK_LIBS) $(BLAS_LIBS) -L/usr/lib/openmpi/lib -lmpi  -lutil -lpthread'
SED='/bin/sed'
SHELL='/bin/bash'
ac_ct_CC='gcc -std=gnu99'
bindir='${exec_prefix}/bin'
build_alias=''
datadir='${datarootdir}'
datarootdir='${prefix}/share'
docdir='${datarootdir}/doc/${PACKAGE}'
dvidir='${docdir}'
exec_prefix='${prefix}'
host_alias=''
htmldir='${docdir}'
includedir='${prefix}/include'
infodir='${datarootdir}/info'
libdir='${exec_prefix}/lib'
libexecdir='${exec_prefix}/libexec'
localedir='${datarootdir}/locale'
localstatedir='${prefix}/var'
mandir='${datarootdir}/man'
oldincludedir='/usr/include'
pdfdir='${docdir}'
prefix='/usr/local'
program_transform_name='s,x,x,'
psdir='${docdir}'
sbindir='${exec_prefix}/sbin'
sharedstatedir='${prefix}/com'
sysconfdir='${prefix}/etc'
target_alias=''

## ----------- ##
## confdefs.h. ##
## ----------- ##

/* confdefs.h */
#define PACKAGE_NAME ""
#define PACKAGE_TARNAME ""
#define PACKAGE_VERSION ""
#define PACKAGE_STRING ""
#define PACKAGE_BUGREPORT ""
#define PACKAGE_URL ""

configure: exit 0
